# JRE version: OpenJDK Runtime Environment (11.0.18+10) (build 11.0.18+10-LTS)
# Java VM: OpenJDK 64-Bit Server VM (11.0.18+10-LTS, mixed mode, tiered, compressed oops, g1 gc, windows-amd64)
Heap:
 garbage-first heap   total 227328K, used 139829K [0x0000000722400000, 0x0000000800000000)
  region size 1024K, 43 young (44032K), 7 survivors (7168K)
 Metaspace       used 28709K, capacity 29888K, committed 30080K, reserved 1075200K
  class space    used 3647K, capacity 4127K, committed 4224K, reserved 1048576K
GC Heap History (6 events):
Event: 1.124 GC heap before
{Heap before GC invocations=0 (full 0):
 garbage-first heap   total 227328K, used 23552K [0x0000000722400000, 0x0000000800000000)
  region size 1024K, 24 young (24576K), 0 survivors (0K)
 Metaspace       used 11482K, capacity 11863K, committed 11904K, reserved 1060864K
  class space    used 1207K, capacity 1372K, committed 1408K, reserved 1048576K
}
Event: 1.128 GC heap after
{Heap after GC invocations=1 (full 0):
 garbage-first heap   total 227328K, used 2892K [0x0000000722400000, 0x0000000800000000)
  region size 1024K, 3 young (3072K), 3 survivors (3072K)
 Metaspace       used 11482K, capacity 11863K, committed 11904K, reserved 1060864K
  class space    used 1207K, capacity 1372K, committed 1408K, reserved 1048576K
}
Event: 2.203 GC heap before
{Heap before GC invocations=1 (full 0):
 garbage-first heap   total 227328K, used 53068K [0x0000000722400000, 0x0000000800000000)
  region size 1024K, 44 young (45056K), 3 survivors (3072K)
 Metaspace       used 20633K, capacity 21203K, committed 21248K, reserved 1067008K
  class space    used 2513K, capacity 2771K, committed 2816K, reserved 1048576K
}
Event: 2.213 GC heap after
{Heap after GC invocations=2 (full 0):
 garbage-first heap   total 227328K, used 15328K [0x0000000722400000, 0x0000000800000000)
  region size 1024K, 7 young (7168K), 7 survivors (7168K)
 Metaspace       used 20633K, capacity 21203K, committed 21248K, reserved 1067008K
  class space    used 2513K, capacity 2771K, committed 2816K, reserved 1048576K
}
Event: 20.023 GC heap before
{Heap before GC invocations=3 (full 0):
 garbage-first heap   total 227328K, used 97248K [0x0000000722400000, 0x0000000800000000)
  region size 1024K, 59 young (60416K), 7 survivors (7168K)
 Metaspace       used 27743K, capacity 28868K, committed 28928K, reserved 1075200K
  class space    used 3624K, capacity 4091K, committed 4096K, reserved 1048576K
}
Event: 20.039 GC heap after
{Heap after GC invocations=4 (full 0):
 garbage-first heap   total 227328K, used 32309K [0x0000000722400000, 0x0000000800000000)
  region size 1024K, 7 young (7168K), 7 survivors (7168K)
 Metaspace       used 27743K, capacity 28868K, committed 28928K, reserved 1075200K
  class space    used 3624K, capacity 4091K, committed 4096K, reserved 1048576K
}

